<?xml version="1.0" encoding="UTF-8"?>
<coverage generated="1761205538134" clover="3.2.0">
  <project timestamp="1761205538134" name="All files">
    <metrics statements="25" coveredstatements="25" conditionals="11" coveredconditionals="11" methods="3" coveredmethods="3" elements="39" coveredelements="39" complexity="0" loc="25" ncloc="25" packages="1" files="1" classes="1"/>
    <file name="region.service.js" path="C:\PhanBang\Table\my-table-be\src\services\region.service.js">
      <metrics statements="25" coveredstatements="25" conditionals="11" coveredconditionals="11" methods="3" coveredmethods="3"/>
      <line num="1" count="1" type="stmt"/>
      <line num="3" count="1" type="stmt"/>
      <line num="4" count="9" type="cond" truecount="4" falsecount="0"/>
      <line num="5" count="2" type="stmt"/>
      <line num="7" count="7" type="stmt"/>
      <line num="8" count="7" type="cond" truecount="5" falsecount="0"/>
      <line num="9" count="4" type="stmt"/>
      <line num="11" count="3" type="stmt"/>
      <line num="14" count="1" type="stmt"/>
      <line num="16" count="1" type="stmt"/>
      <line num="17" count="4" type="stmt"/>
      <line num="18" count="4" type="stmt"/>
      <line num="22" count="2" type="stmt"/>
      <line num="24" count="2" type="stmt"/>
      <line num="25" count="2" type="stmt"/>
      <line num="29" count="1" type="stmt"/>
      <line num="30" count="9" type="stmt"/>
      <line num="31" count="9" type="stmt"/>
      <line num="32" count="3" type="stmt"/>
      <line num="35" count="2" type="cond" truecount="2" falsecount="0"/>
      <line num="36" count="1" type="stmt"/>
      <line num="38" count="1" type="stmt"/>
      <line num="40" count="8" type="stmt"/>
      <line num="41" count="8" type="stmt"/>
      <line num="46" count="1" type="stmt"/>
    </file>
  </project>
</coverage>
