{"C:\\PhanBang\\Table\\my-table-be\\src\\services\\region.service.js": {"path":"C:\\PhanBang\\Table\\my-table-be\\src\\services\\region.service.js","statementMap":{"0":{"start":{"line":1,"column":15},"end":{"line":1,"column":45}},"1":{"start":{"line":3,"column":23},"end":{"line":12,"column":1}},"2":{"start":{"line":4,"column":4},"end":{"line":6,"column":5}},"3":{"start":{"line":5,"column":8},"end":{"line":5,"column":44}},"4":{"start":{"line":7,"column":18},"end":{"line":7,"column":28}},"5":{"start":{"line":8,"column":4},"end":{"line":10,"column":5}},"6":{"start":{"line":9,"column":8},"end":{"line":9,"column":61}},"7":{"start":{"line":11,"column":4},"end":{"line":11,"column":17}},"8":{"start":{"line":14,"column":15},"end":{"line":14,"column":28}},"9":{"start":{"line":16,"column":22},"end":{"line":27,"column":1}},"10":{"start":{"line":17,"column":4},"end":{"line":26,"column":5}},"11":{"start":{"line":18,"column":24},"end":{"line":21,"column":10}},"12":{"start":{"line":22,"column":8},"end":{"line":22,"column":23}},"13":{"start":{"line":24,"column":8},"end":{"line":24,"column":77}},"14":{"start":{"line":25,"column":8},"end":{"line":25,"column":56}},"15":{"start":{"line":29,"column":22},"end":{"line":43,"column":1}},"16":{"start":{"line":30,"column":4},"end":{"line":42,"column":5}},"17":{"start":{"line":31,"column":24},"end":{"line":31,"column":42}},"18":{"start":{"line":32,"column":23},"end":{"line":34,"column":10}},"19":{"start":{"line":35,"column":8},"end":{"line":37,"column":9}},"20":{"start":{"line":36,"column":12},"end":{"line":36,"column":70}},"21":{"start":{"line":38,"column":8},"end":{"line":38,"column":22}},"22":{"start":{"line":40,"column":8},"end":{"line":40,"column":77}},"23":{"start":{"line":41,"column":8},"end":{"line":41,"column":20}},"24":{"start":{"line":46,"column":0},"end":{"line":49,"column":2}}},"fnMap":{"0":{"name":"(anonymous_0)","decl":{"start":{"line":3,"column":23},"end":{"line":3,"column":24}},"loc":{"start":{"line":3,"column":31},"end":{"line":12,"column":1}},"line":3},"1":{"name":"(anonymous_1)","decl":{"start":{"line":16,"column":22},"end":{"line":16,"column":23}},"loc":{"start":{"line":16,"column":34},"end":{"line":27,"column":1}},"line":16},"2":{"name":"(anonymous_2)","decl":{"start":{"line":29,"column":22},"end":{"line":29,"column":23}},"loc":{"start":{"line":29,"column":36},"end":{"line":43,"column":1}},"line":29}},"branchMap":{"0":{"loc":{"start":{"line":4,"column":4},"end":{"line":6,"column":5}},"type":"if","locations":[{"start":{"line":4,"column":4},"end":{"line":6,"column":5}},{"start":{},"end":{}}],"line":4},"1":{"loc":{"start":{"line":4,"column":8},"end":{"line":4,"column":39}},"type":"binary-expr","locations":[{"start":{"line":4,"column":8},"end":{"line":4,"column":19}},{"start":{"line":4,"column":23},"end":{"line":4,"column":39}}],"line":4},"2":{"loc":{"start":{"line":8,"column":4},"end":{"line":10,"column":5}},"type":"if","locations":[{"start":{"line":8,"column":4},"end":{"line":10,"column":5}},{"start":{},"end":{}}],"line":8},"3":{"loc":{"start":{"line":8,"column":8},"end":{"line":8,"column":62}},"type":"binary-expr","locations":[{"start":{"line":8,"column":8},"end":{"line":8,"column":20}},{"start":{"line":8,"column":24},"end":{"line":8,"column":34}},{"start":{"line":8,"column":38},"end":{"line":8,"column":62}}],"line":8},"4":{"loc":{"start":{"line":35,"column":8},"end":{"line":37,"column":9}},"type":"if","locations":[{"start":{"line":35,"column":8},"end":{"line":37,"column":9}},{"start":{},"end":{}}],"line":35}},"s":{"0":1,"1":1,"2":9,"3":2,"4":7,"5":7,"6":4,"7":3,"8":1,"9":1,"10":4,"11":4,"12":2,"13":2,"14":2,"15":1,"16":9,"17":9,"18":3,"19":2,"20":1,"21":1,"22":8,"23":8,"24":1},"f":{"0":9,"1":4,"2":9},"b":{"0":[2,7],"1":[9,8],"2":[4,3],"3":[7,6,4],"4":[1,1]},"_coverageSchema":"1a1c01bbd47fc00a2c39e90264f33305004495a9","hash":"57661571cbb1b9c9dd3e2f508f5af2fc58394778"}
}
