TN:
SF:src\services\region.service.js
FN:3,(anonymous_0)
FN:16,(anonymous_1)
FN:29,(anonymous_2)
FNF:3
FNH:3
FNDA:9,(anonymous_0)
FNDA:4,(anonymous_1)
FNDA:9,(anonymous_2)
DA:1,1
DA:3,1
DA:4,9
DA:5,2
DA:7,7
DA:8,7
DA:9,4
DA:11,3
DA:14,1
DA:16,1
DA:17,4
DA:18,4
DA:22,2
DA:24,2
DA:25,2
DA:29,1
DA:30,9
DA:31,9
DA:32,3
DA:35,2
DA:36,1
DA:38,1
DA:40,8
DA:41,8
DA:46,1
LF:25
LH:25
BRDA:4,0,0,2
BRDA:4,0,1,7
BRDA:4,1,0,9
BRDA:4,1,1,8
BRDA:8,2,0,4
BRDA:8,2,1,3
BRDA:8,3,0,7
BRDA:8,3,1,6
BRDA:8,3,2,4
BRDA:35,4,0,1
BRDA:35,4,1,1
BRF:11
BRH:11
end_of_record
